d:\用户目录\我的文档\visual studio 2017\projects\consoleapplication2\consoleapplication1\x64\debug\vc141.pdb
d:\用户目录\我的文档\visual studio 2017\projects\consoleapplication2\consoleapplication1\x64\debug\vc141.idb
d:\用户目录\我的文档\visual studio 2017\projects\consoleapplication2\consoleapplication1\x64\debug\源.obj
d:\用户目录\我的文档\visual studio 2017\projects\consoleapplication2\consoleapplication1\x64\debug\源1.obj
d:\用户目录\我的文档\visual studio 2017\projects\consoleapplication2\consoleapplication1\x64\debug\源2.obj
d:\用户目录\我的文档\visual studio 2017\projects\consoleapplication2\consoleapplication1\x64\debug\源3.obj
d:\用户目录\我的文档\visual studio 2017\projects\consoleapplication2\x64\debug\consoleapplication1.ilk
d:\用户目录\我的文档\visual studio 2017\projects\consoleapplication2\x64\debug\consoleapplication1.exe
d:\用户目录\我的文档\visual studio 2017\projects\consoleapplication2\x64\debug\consoleapplication1.pdb
c:\users\jobsky\desktop\consoleapplication2\consoleapplication1\x64\debug\源.obj
c:\users\jobsky\desktop\consoleapplication2\consoleapplication1\x64\debug\源1.obj
c:\users\jobsky\desktop\consoleapplication2\consoleapplication1\x64\debug\源2.obj
c:\users\jobsky\desktop\consoleapplication2\consoleapplication1\x64\debug\源3.obj
c:\users\jobsky\desktop\consoleapplication2\consoleapplication1\x64\debug\vc141.idb
c:\users\jobsky\desktop\consoleapplication2\consoleapplication1\x64\debug\vc141.pdb
c:\users\jobsky\desktop\consoleapplication2\x64\debug\consoleapplication1.pdb
c:\users\jobsky\desktop\consoleapplication2\x64\debug\consoleapplication1.exe
c:\users\jobsky\desktop\consoleapplication2\x64\debug\consoleapplication1.ilk
c:\users\jobsky\desktop\consoleapplication2\consoleapplication1\x64\debug\consolea.90ab06e2.tlog\cl.command.1.tlog
c:\users\jobsky\desktop\consoleapplication2\consoleapplication1\x64\debug\consolea.90ab06e2.tlog\cl.read.1.tlog
c:\users\jobsky\desktop\consoleapplication2\consoleapplication1\x64\debug\consolea.90ab06e2.tlog\cl.write.1.tlog
c:\users\jobsky\desktop\consoleapplication2\consoleapplication1\x64\debug\consolea.90ab06e2.tlog\link.command.1.tlog
c:\users\jobsky\desktop\consoleapplication2\consoleapplication1\x64\debug\consolea.90ab06e2.tlog\link.read.1.tlog
c:\users\jobsky\desktop\consoleapplication2\consoleapplication1\x64\debug\consolea.90ab06e2.tlog\link.write.1.tlog
